Unity Editor version:    2021.3.16f1 (4016570cf34f)
Branch:                  2021.3/staging
Build type:              Release
Batch mode:              YES
macOS version:           Version 13.1 (Build 22C65)
Darwin version:          22.2.0
Architecture:            arm64
Running under Rosetta:   NO
Available memory:        16384 MB
Using pre-set license
Pro License: YES

COMMAND LINE ARGUMENTS:
/Applications/Unity/Hub/Editor/2021.3.16f1/Unity.app/Contents/MacOS/Unity
-adb2
-batchMode
-noUpm
-name
AssetImportWorker1
-projectPath
/Users/alekseielgin/GitHub/Hard-Work
-logFile
Logs/AssetImportWorker1.log
-srvPort
53650
Successfully changed project path to: /Users/alekseielgin/GitHub/Hard-Work
/Users/alekseielgin/GitHub/Hard-Work
[UnityMemory] Configuration Parameters - Can be set up in boot.config
    "memorysetup-bucket-allocator-granularity=16"
    "memorysetup-bucket-allocator-bucket-count=8"
    "memorysetup-bucket-allocator-block-size=33554432"
    "memorysetup-bucket-allocator-block-count=8"
    "memorysetup-main-allocator-block-size=16777216"
    "memorysetup-thread-allocator-block-size=16777216"
    "memorysetup-gfx-main-allocator-block-size=16777216"
    "memorysetup-gfx-thread-allocator-block-size=16777216"
    "memorysetup-cache-allocator-block-size=4194304"
    "memorysetup-typetree-allocator-block-size=2097152"
    "memorysetup-profiler-bucket-allocator-granularity=16"
    "memorysetup-profiler-bucket-allocator-bucket-count=8"
    "memorysetup-profiler-bucket-allocator-block-size=33554432"
    "memorysetup-profiler-bucket-allocator-block-count=8"
    "memorysetup-profiler-allocator-block-size=16777216"
    "memorysetup-profiler-editor-allocator-block-size=1048576"
    "memorysetup-temp-allocator-size-main=16777216"
    "memorysetup-job-temp-allocator-block-size=2097152"
    "memorysetup-job-temp-allocator-block-size-background=1048576"
    "memorysetup-job-temp-allocator-reduction-small-platforms=262144"
    "memorysetup-temp-allocator-size-background-worker=32768"
    "memorysetup-temp-allocator-size-job-worker=262144"
    "memorysetup-temp-allocator-size-preload-manager=33554432"
    "memorysetup-temp-allocator-size-nav-mesh-worker=65536"
    "memorysetup-temp-allocator-size-audio-worker=65536"
    "memorysetup-temp-allocator-size-cloud-worker=32768"
    "memorysetup-temp-allocator-size-gi-baking-worker=262144"
    "memorysetup-temp-allocator-size-gfx=262144"
Player connection [8252865152] Host "[IP] 172.20.10.6 [Port] 0 [Flags] 2 [Guid] 3752595735 [EditorId] 3752595735 [Version] 1048832 [Id] OSXEditor(0,MacBook-Pro-Aleksei.local) [Debug] 1 [PackageName] OSXEditor [ProjectName] Editor" joined multi-casting on [225.0.0.222:54997]...

Player connection [8252865152] Host "[IP] 172.20.10.6 [Port] 0 [Flags] 2 [Guid] 3752595735 [EditorId] 3752595735 [Version] 1048832 [Id] OSXEditor(0,MacBook-Pro-Aleksei.local) [Debug] 1 [PackageName] OSXEditor [ProjectName] Editor" joined alternative multi-casting on [225.0.0.222:34997]...

Refreshing native plugins compatible for Editor in 13.46 ms, found 1 plugins.
Preloading 0 native plugins for Editor in 0.00 ms.
Initialize engine version: 2021.3.16f1 (4016570cf34f)
[Subsystems] Discovering subsystems at path /Applications/Unity/Hub/Editor/2021.3.16f1/Unity.app/Contents/Resources/UnitySubsystems
[Subsystems] Discovering subsystems at path /Users/alekseielgin/GitHub/Hard-Work/Assets
GfxDevice: creating device client; threaded=0; jobified=0
 preferred device: Apple M1 Pro (high power)
Metal devices available: 1
0: Apple M1 Pro (high power)
Using device Apple M1 Pro (high power)
Initializing Metal device caps: Apple M1 Pro
Initialize mono
Mono path[0] = '/Applications/Unity/Hub/Editor/2021.3.16f1/Unity.app/Contents/Managed'
Mono path[1] = '/Applications/Unity/Hub/Editor/2021.3.16f1/Unity.app/Contents/MonoBleedingEdge/lib/mono/unityjit-macos'
Mono config path = '/Applications/Unity/Hub/Editor/2021.3.16f1/Unity.app/Contents/MonoBleedingEdge/etc'
Using monoOptions --debugger-agent=transport=dt_socket,embedding=1,server=y,suspend=n,address=127.0.0.1:56708
Begin MonoManager ReloadAssembly
Registering precompiled unity dll's ...
Register platform support module: /Applications/Unity/Hub/Editor/2021.3.16f1/Unity.app/Contents/PlaybackEngines/MacStandaloneSupport/UnityEditor.OSXStandalone.Extensions.dll
Registered in 0.000505 seconds.
Native extension for OSXStandalone target not found
Refreshing native plugins compatible for Editor in 14.24 ms, found 1 plugins.
Preloading 0 native plugins for Editor in 0.00 ms.
Mono: successfully reloaded assembly
- Completed reload, in  0.340 seconds
Domain Reload Profiling:
	ReloadAssembly (340ms)
		BeginReloadAssembly (32ms)
			ExecutionOrderSort (0ms)
			DisableScriptedObjects (0ms)
			BackupInstance (0ms)
			ReleaseScriptingObjects (0ms)
			CreateAndSetChildDomain (0ms)
		EndReloadAssembly (245ms)
			LoadAssemblies (32ms)
			RebuildTransferFunctionScriptingTraits (0ms)
			SetupTypeCache (65ms)
			ReleaseScriptCaches (0ms)
			RebuildScriptCaches (19ms)
			SetupLoadedEditorAssemblies (136ms)
				LogAssemblyErrors (0ms)
				InitializePlatformSupportModulesInManaged (3ms)
				SetLoadedEditorAssemblies (0ms)
				RefreshPlugins (14ms)
				BeforeProcessingInitializeOnLoad (1ms)
				ProcessInitializeOnLoadAttributes (93ms)
				ProcessInitializeOnLoadMethodAttributes (24ms)
				AfterProcessingInitializeOnLoad (0ms)
				EditorAssembliesLoaded (0ms)
			ExecutionOrderSort2 (0ms)
			AwakeInstancesAfterBackupRestoration (0ms)
Platform modules already initialized, skipping
Registering precompiled user dll's ...
Registered in 0.000144 seconds.
Begin MonoManager ReloadAssembly
Native extension for OSXStandalone target not found
Refreshing native plugins compatible for Editor in 0.12 ms, found 1 plugins.
Preloading 0 native plugins for Editor in 0.00 ms.
Mono: successfully reloaded assembly
- Completed reload, in  0.387 seconds
Domain Reload Profiling:
	ReloadAssembly (387ms)
		BeginReloadAssembly (55ms)
			ExecutionOrderSort (0ms)
			DisableScriptedObjects (3ms)
			BackupInstance (0ms)
			ReleaseScriptingObjects (0ms)
			CreateAndSetChildDomain (14ms)
		EndReloadAssembly (267ms)
			LoadAssemblies (28ms)
			RebuildTransferFunctionScriptingTraits (0ms)
			SetupTypeCache (76ms)
			ReleaseScriptCaches (0ms)
			RebuildScriptCaches (24ms)
			SetupLoadedEditorAssemblies (116ms)
				LogAssemblyErrors (0ms)
				InitializePlatformSupportModulesInManaged (2ms)
				SetLoadedEditorAssemblies (0ms)
				RefreshPlugins (0ms)
				BeforeProcessingInitializeOnLoad (22ms)
				ProcessInitializeOnLoadAttributes (80ms)
				ProcessInitializeOnLoadMethodAttributes (11ms)
				AfterProcessingInitializeOnLoad (1ms)
				EditorAssembliesLoaded (0ms)
			ExecutionOrderSort2 (0ms)
			AwakeInstancesAfterBackupRestoration (2ms)
Platform modules already initialized, skipping
========================================================================
Worker process is ready to serve import requests
Launching external process: /Applications/Unity/Hub/Editor/2021.3.16f1/Unity.app/Contents/Tools/UnityShaderCompiler
Launched and connected shader compiler UnityShaderCompiler after 0.05 seconds
Refreshing native plugins compatible for Editor in 0.11 ms, found 1 plugins.
Preloading 0 native plugins for Editor in 0.00 ms.
Unloading 1025 Unused Serialized files (Serialized files now loaded: 0)
Unloading 8 unused Assets / (40.8 KB). Loaded Objects now: 1499.
Memory consumption went from 50.9 MB to 50.9 MB.
Total: 1.832000 ms (FindLiveObjects: 0.055833 ms CreateObjectMapping: 0.014417 ms MarkObjects: 1.711833 ms  DeleteObjects: 0.049000 ms)

AssetImportParameters requested are different than current active one (requested -> active):
  custom:video-decoder-ogg-theora: a1e56fd34408186e4bbccfd4996cb3dc -> 
  custom:container-muxer-webm: aa71ff27fc2769a1b78a27578f13a17b -> 
  custom:container-demuxer-webm: 4f35f7cbe854078d1ac9338744f61a02 -> 
  custom:video-encoder-webm-vp8: eb34c28f22e8b96e1ab97ce403110664 -> 
  custom:framework-osx-AVFoundation: e770b220cccbd017edd2c1fefb359320 -> 
  custom:audio-encoder-webm-vorbis: bf7c407c2cedff20999df2af8eb42d56 -> 
  custom:container-demuxer-ogg: 62fdf1f143b41e24485cea50d1cbac27 -> 
  custom:video-decoder-webm-vp8: 9c59270c3fd7afecdb556c50c9e8de78 -> 
  custom:audio-decoder-ogg-vorbis: bf7c407c2cedff20999df2af8eb42d56 -> 
========================================================================
Received Import Request.
  Time since last request: 49753.316947 seconds.
  path: Assets/Models/LineOfBlocks (3 elements).fbx
  artifactKey: Guid(1da94b610747b1844bee4ea2f8bace0d) Importer(815301076,1909f56bfc062723c751e8b465ee728b)
Start importing Assets/Models/LineOfBlocks (3 elements).fbx using Guid(1da94b610747b1844bee4ea2f8bace0d) Importer(815301076,1909f56bfc062723c751e8b465ee728b)  -> (artifact id: 'b47fa932cf8df7e7484ddfc88457428d') in 0.251849 seconds 
========================================================================
Received Import Request.
  Time since last request: 0.000041 seconds.
  path: Assets/Models/LineOfBlocks (6 elements).fbx
  artifactKey: Guid(1960612709f229440a84586bbab9ac83) Importer(815301076,1909f56bfc062723c751e8b465ee728b)
Start importing Assets/Models/LineOfBlocks (6 elements).fbx using Guid(1960612709f229440a84586bbab9ac83) Importer(815301076,1909f56bfc062723c751e8b465ee728b)  -> (artifact id: 'dc13abf3a5b3aed2afbdaf81371d6612') in 0.009455 seconds 
========================================================================
Received Import Request.
  Time since last request: 0.000031 seconds.
  path: Assets/Models/Block.fbx
  artifactKey: Guid(00056b4cc73c37248b6721fe4d73e0f3) Importer(815301076,1909f56bfc062723c751e8b465ee728b)
Start importing Assets/Models/Block.fbx using Guid(00056b4cc73c37248b6721fe4d73e0f3) Importer(815301076,1909f56bfc062723c751e8b465ee728b)  -> (artifact id: '121fd24f06301cd27e8671c058b46f8c') in 0.009334 seconds 
========================================================================
Received Import Request.
  Time since last request: 0.000037 seconds.
  path: Assets/Models
  artifactKey: Guid(16746d3441d4a446e89b4e80e5ec1464) Importer(815301076,1909f56bfc062723c751e8b465ee728b)
Start importing Assets/Models using Guid(16746d3441d4a446e89b4e80e5ec1464) Importer(815301076,1909f56bfc062723c751e8b465ee728b)  -> (artifact id: '6372f28ba97cd783cac03642ac98d509') in 0.000348 seconds 
========================================================================
Received Import Request.
  Time since last request: 0.000027 seconds.
  path: Assets/Models/LineOfBlocks (15 elements).fbx
  artifactKey: Guid(ecfff592764ae2e4f877d120c3c8dbfd) Importer(815301076,1909f56bfc062723c751e8b465ee728b)
Start importing Assets/Models/LineOfBlocks (15 elements).fbx using Guid(ecfff592764ae2e4f877d120c3c8dbfd) Importer(815301076,1909f56bfc062723c751e8b465ee728b)  -> (artifact id: '5232433fec415bb18240526bf76e1995') in 0.009742 seconds 
========================================================================
Received Import Request.
  Time since last request: 0.000040 seconds.
  path: Assets/Models/LineOfBlocks (16 elements).fbx
  artifactKey: Guid(2e1b332bda7c6ae4185e48889ba8acdc) Importer(815301076,1909f56bfc062723c751e8b465ee728b)
Start importing Assets/Models/LineOfBlocks (16 elements).fbx using Guid(2e1b332bda7c6ae4185e48889ba8acdc) Importer(815301076,1909f56bfc062723c751e8b465ee728b)  -> (artifact id: 'f8ca4214fee39010f46a4c5a40b52532') in 0.009098 seconds 
========================================================================
Received Import Request.
  Time since last request: 0.000043 seconds.
  path: Assets/Models/LineOfBlocks (4 elements).fbx
  artifactKey: Guid(85abfa5fe40c73141b2b8bbfd7662f79) Importer(815301076,1909f56bfc062723c751e8b465ee728b)
Start importing Assets/Models/LineOfBlocks (4 elements).fbx using Guid(85abfa5fe40c73141b2b8bbfd7662f79) Importer(815301076,1909f56bfc062723c751e8b465ee728b)  -> (artifact id: '2d0b768423c4ebffa59d4eb011c506f5') in 0.008417 seconds 
========================================================================
Received Import Request.
  Time since last request: 0.000042 seconds.
  path: Assets/Models/LineOfBlocks (20 elements).fbx
  artifactKey: Guid(71638cbe76e95ea48b3fc2b6b384e1a8) Importer(815301076,1909f56bfc062723c751e8b465ee728b)
Start importing Assets/Models/LineOfBlocks (20 elements).fbx using Guid(71638cbe76e95ea48b3fc2b6b384e1a8) Importer(815301076,1909f56bfc062723c751e8b465ee728b)  -> (artifact id: 'd3b61912f443385517f224883bda692d') in 0.008948 seconds 
========================================================================
Received Import Request.
  Time since last request: 0.000041 seconds.
  path: Assets/Models/LineOfBlocks (28 elements).fbx
  artifactKey: Guid(e1d1fb9c131fe914f8c7691fac70ce93) Importer(815301076,1909f56bfc062723c751e8b465ee728b)
Start importing Assets/Models/LineOfBlocks (28 elements).fbx using Guid(e1d1fb9c131fe914f8c7691fac70ce93) Importer(815301076,1909f56bfc062723c751e8b465ee728b)  -> (artifact id: 'd49ba0b768c66a8ee0af8c7e9a3b561a') in 0.008722 seconds 
========================================================================
Received Import Request.
  Time since last request: 4.058197 seconds.
  path: Assets/TexturesAndMaterials/2.bmp
  artifactKey: Guid(d5863188323407a49be9d32ac7bbc819) Importer(815301076,1909f56bfc062723c751e8b465ee728b)
Start importing Assets/TexturesAndMaterials/2.bmp using Guid(d5863188323407a49be9d32ac7bbc819) Importer(815301076,1909f56bfc062723c751e8b465ee728b)  -> (artifact id: '013ab4c603acb31d70bc70cbca8f233a') in 0.539571 seconds 
========================================================================
Received Import Request.
  Time since last request: 0.000046 seconds.
  path: Assets/TexturesAndMaterials/MaterialTransport.mat
  artifactKey: Guid(7480ee4a50fd94a45a03ede3b10cf8da) Importer(815301076,1909f56bfc062723c751e8b465ee728b)
Start importing Assets/TexturesAndMaterials/MaterialTransport.mat using Guid(7480ee4a50fd94a45a03ede3b10cf8da) Importer(815301076,1909f56bfc062723c751e8b465ee728b)  -> (artifact id: 'ae565f59867099b6b6310725c4b79476') in 0.153330 seconds 
========================================================================
Received Import Request.
  Time since last request: 0.000039 seconds.
  path: Assets/TexturesAndMaterials/11.bmp
  artifactKey: Guid(c7b0dc99b6927e044aef7ef7ca5bda71) Importer(815301076,1909f56bfc062723c751e8b465ee728b)
Start importing Assets/TexturesAndMaterials/11.bmp using Guid(c7b0dc99b6927e044aef7ef7ca5bda71) Importer(815301076,1909f56bfc062723c751e8b465ee728b)  -> (artifact id: '6833115e37fb09cf9eb0c7e189215731') in 0.003535 seconds 
========================================================================
Received Import Request.
  Time since last request: 0.000048 seconds.
  path: Assets/TexturesAndMaterials/MaterialFence.mat
  artifactKey: Guid(42c491c8339f4414b8d4a499b30b9946) Importer(815301076,1909f56bfc062723c751e8b465ee728b)
Start importing Assets/TexturesAndMaterials/MaterialFence.mat using Guid(42c491c8339f4414b8d4a499b30b9946) Importer(815301076,1909f56bfc062723c751e8b465ee728b)  -> (artifact id: 'f80c01b21ea9e502396c14b5e9ecc812') in 0.004488 seconds 
========================================================================
Received Import Request.
  Time since last request: 0.000039 seconds.
  path: Assets/TexturesAndMaterials/MaterialWall.mat
  artifactKey: Guid(f5059f4006eefc54685d2d060e6f8429) Importer(815301076,1909f56bfc062723c751e8b465ee728b)
Start importing Assets/TexturesAndMaterials/MaterialWall.mat using Guid(f5059f4006eefc54685d2d060e6f8429) Importer(815301076,1909f56bfc062723c751e8b465ee728b)  -> (artifact id: '0d187de97a379bb678b34c925b901348') in 0.111003 seconds 
